<?xml version="1.0" encoding="UTF-8"?>
<!-- Generated by org.testng.reporters.JUnitReportReporter -->
<testsuite hostname="Mypc" name="testNG.PrimusLoginTc" tests="1" failures="0" timestamp="22 Dec 2016 02:51:14 GMT" time="6.023" errors="0">
  <testcase name="App_Login" time="6.023" classname="testNG.PrimusLoginTc"/>
</testsuite> <!-- testNG.PrimusLoginTc -->
