<?xml version="1.0" encoding="UTF-8"?>
<!-- Generated by org.testng.reporters.JUnitReportReporter -->
<testsuite hostname="Mypc" name="testNG.UserRegTest" tests="1" failures="0" timestamp="23 Dec 2016 02:39:29 GMT" time="11.524" errors="0">
  <testcase name="org_Userreg" time="11.524" classname="testNG.UserRegTest"/>
</testsuite> <!-- testNG.UserRegTest -->
