<?xml version="1.0" encoding="UTF-8"?>
<!-- Generated by org.testng.reporters.JUnitReportReporter -->
<testsuite hostname="Mypc" name="pom.LoginTC_POM" tests="1" failures="0" timestamp="27 Dec 2016 02:59:06 GMT" time="15.479" errors="0">
  <testcase name="ltest" time="15.479" classname="pom.LoginTC_POM"/>
</testsuite> <!-- pom.LoginTC_POM -->
