<?xml version="1.0" encoding="UTF-8"?>
<!-- Generated by org.testng.reporters.JUnitReportReporter -->
<testsuite hostname="Mypc" name="grid.GridEg1" tests="1" failures="0" timestamp="29 Dec 2016 02:33:18 GMT" time="24.745" errors="0">
  <testcase name="test" time="24.745" classname="grid.GridEg1"/>
</testsuite> <!-- grid.GridEg1 -->
