<?xml version="1.0" encoding="UTF-8"?>
<!-- Generated by org.testng.reporters.JUnitReportReporter -->
<testsuite hostname="Mypc" name="testNG.OrgHRMLogin" tests="1" failures="0" timestamp="22 Dec 2016 02:58:31 GMT" time="30.524" errors="0">
  <testcase name="Login" time="30.524" classname="testNG.OrgHRMLogin"/>
</testsuite> <!-- testNG.OrgHRMLogin -->
