<?xml version="1.0" encoding="UTF-8"?>
<!-- Generated by org.testng.reporters.JUnitReportReporter -->
<testsuite hostname="Mypc" name="testNG.EmpRegTest" tests="1" failures="0" timestamp="23 Dec 2016 02:39:29 GMT" time="6.115" errors="0">
  <testcase name="org_Empreg" time="6.115" classname="testNG.EmpRegTest"/>
</testsuite> <!-- testNG.EmpRegTest -->
