<?xml version="1.0" encoding="UTF-8"?>
<!-- Generated by org.testng.reporters.JUnitReportReporter -->
<testsuite hostname="Mypc" name="testNG.BasicAnnotationsEg" tests="3" failures="0" timestamp="22 Dec 2016 02:39:56 GMT" time="0.043" errors="0">
  <testcase name="function2" time="0.016" classname="testNG.BasicAnnotationsEg"/>
  <testcase name="a" time="0.010" classname="testNG.BasicAnnotationsEg"/>
  <testcase name="function1" time="0.017" classname="testNG.BasicAnnotationsEg"/>
</testsuite> <!-- testNG.BasicAnnotationsEg -->
