<?xml version="1.0" encoding="UTF-8"?>
<!-- Generated by org.testng.reporters.JUnitReportReporter -->
<testsuite hostname="Mypc" name="testNG.DataproviderEg" tests="3" failures="0" timestamp="23 Dec 2016 02:54:22 GMT" time="39.226" errors="0">
  <testcase name="s" time="20.859" classname="testNG.DataproviderEg"/>
  <testcase name="s" time="9.485" classname="testNG.DataproviderEg"/>
  <testcase name="s" time="8.882" classname="testNG.DataproviderEg"/>
</testsuite> <!-- testNG.DataproviderEg -->
