<?xml version="1.0" encoding="UTF-8"?>
<!-- Generated by org.testng.reporters.JUnitReportReporter -->
<testsuite hostname="Mypc" name="grid.GrigEg2" tests="2" failures="0" timestamp="29 Dec 2016 02:45:50 GMT" time="73.381" errors="0">
  <testcase name="test" time="27.802" classname="grid.GrigEg2"/>
  <testcase name="test" time="45.579" classname="grid.GrigEg2"/>
</testsuite> <!-- grid.GrigEg2 -->
